Arguments: 
  C:\Program Files\nodejs\node.exe E:\Program Files (x86)\Yarn\bin\yarn.js add concurently

PATH: 
  C:\Program Files\Git\mingw64\bin;C:\Program Files\Git\usr\bin;C:\Users\OMAR\bin;C:\Python39\Scripts;C:\Python39;C:\Windows\system32;C:\Windows;C:\Windows\System32\Wbem;C:\Windows\System32\WindowsPowerShell\v1.0;C:\Program Files (x86)\NVIDIA Corporation\PhysX\Common;C:\WINDOWS\system32;C:\WINDOWS;C:\WINDOWS\System32\Wbem;C:\WINDOWS\System32\WindowsPowerShell\v1.0;C:\WINDOWS\System32\OpenSSH;C:\Program Files\Git\cmd;C:\ProgramData\chocolatey\bin;C:\Program Files\NVIDIA Corporation\NVIDIA NvDLISR;C:\Program Files\nodejs;E:\Program Files (x86)\Yarn\bin;C:\Users\OMAR\AppData\Local\Microsoft\WindowsApps;C:\Users\OMAR\AppData\Local\Programs\Microsoft VS Code\bin;C:\Users\OMAR\AppData\Local\GitHubDesktop\bin;C:\Users\OMAR\AppData\Roaming\npm;C:\Users\OMAR\AppData\Local\Yarn\bin

Yarn version: 
  1.22.5

Node version: 
  14.15.1

Platform: 
  win32 x64

Trace: 
  Error: https://registry.yarnpkg.com/concurently: Not found
      at Request.params.callback [as _callback] (E:\Program Files (x86)\Yarn\lib\cli.js:66097:18)
      at Request.self.callback (E:\Program Files (x86)\Yarn\lib\cli.js:140749:22)
      at Request.emit (events.js:315:20)
      at Request.<anonymous> (E:\Program Files (x86)\Yarn\lib\cli.js:141721:10)
      at Request.emit (events.js:315:20)
      at IncomingMessage.<anonymous> (E:\Program Files (x86)\Yarn\lib\cli.js:141643:12)
      at Object.onceWrapper (events.js:421:28)
      at IncomingMessage.emit (events.js:327:22)
      at endReadableNT (_stream_readable.js:1327:12)
      at processTicksAndRejections (internal/process/task_queues.js:80:21)

npm manifest: 
  {
    "name": "outil",
    "version": "1.0.0",
    "main": "server.js",
    "author": "Omar Ghamgui",
    "license": "MIT"
  }

yarn manifest: 
  No manifest

Lockfile: 
  No lockfile
